[ 2025-03-10 15:40:47,552 ] 1025 httpx - INFO - HTTP Request: GET https://dagshub.com/api/v1/user "HTTP/1.1 200 OK"
[ 2025-03-10 15:40:47,560 ] 107 dagshub - INFO - Accessing as daneshpm
[ 2025-03-10 15:40:47,944 ] 1025 httpx - INFO - HTTP Request: GET https://dagshub.com/api/v1/repos/daneshpm/Major_Project "HTTP/1.1 200 OK"
[ 2025-03-10 15:40:48,260 ] 1025 httpx - INFO - HTTP Request: GET https://dagshub.com/api/v1/user "HTTP/1.1 200 OK"
[ 2025-03-10 15:40:48,262 ] 107 dagshub - INFO - Initialized MLflow to track repo "daneshpm/Major_Project"
[ 2025-03-10 15:40:48,263 ] 107 dagshub - INFO - Repository daneshpm/Major_Project initialized!
[ 2025-03-10 15:40:48,263 ] 22 root - INFO - Initiate the data ingestion
[ 2025-03-10 15:40:56,008 ] 67 root - INFO - Performed train test split on the dataframe
[ 2025-03-10 15:40:56,008 ] 69 root - INFO - Exited split_data_as_train_test method of Data_Ingestion class
[ 2025-03-10 15:40:56,009 ] 77 root - INFO - Exporting train and test file path.
[ 2025-03-10 15:40:56,095 ] 86 root - INFO - Exported train and test file path.
[ 2025-03-10 15:40:56,096 ] 24 root - INFO - Data Initiation Completed
[ 2025-03-10 15:40:56,102 ] 28 root - INFO - Initiate the data Validation
[ 2025-03-10 15:40:56,190 ] 34 root - INFO - Required number of columns:2
[ 2025-03-10 15:40:56,190 ] 35 root - INFO - Data frame has columns:31
[ 2025-03-10 15:40:56,190 ] 34 root - INFO - Required number of columns:2
[ 2025-03-10 15:40:56,190 ] 35 root - INFO - Data frame has columns:31
[ 2025-03-10 15:40:56,389 ] 30 root - INFO - data Validation Completed
[ 2025-03-10 15:40:56,390 ] 33 root - INFO - data Transformation started
[ 2025-03-10 15:40:56,390 ] 65 root - INFO - Entered initiate_data_transformation method of DataTransformation class
[ 2025-03-10 15:40:56,390 ] 67 root - INFO - Starting data transformation
[ 2025-03-10 15:40:56,448 ] 50 root - INFO - Entered get_data_trnasformer_object method of Trnasformation class
[ 2025-03-10 15:40:56,448 ] 55 root - INFO - Initialise KNNImputer with {'missing_values': nan, 'n_neighbors': 3, 'weights': 'uniform'}
[ 2025-03-10 15:40:56,469 ] 46 root - INFO - Entered the save_object method of MainUtils class
[ 2025-03-10 15:40:56,475 ] 50 root - INFO - Exited the save_object method of MainUtils class
[ 2025-03-10 15:40:56,475 ] 46 root - INFO - Entered the save_object method of MainUtils class
[ 2025-03-10 15:40:56,480 ] 50 root - INFO - Exited the save_object method of MainUtils class
[ 2025-03-10 15:40:56,483 ] 37 root - INFO - data Transformation completed
[ 2025-03-10 15:40:56,483 ] 39 root - INFO - Model Training sstared
[ 2025-03-10 15:46:00,197 ] 46 root - INFO - Entered the save_object method of MainUtils class
[ 2025-03-10 15:46:00,198 ] 50 root - INFO - Exited the save_object method of MainUtils class
[ 2025-03-10 15:46:00,198 ] 153 root - INFO - Model trainer artifact: ModelTrainerArtifact(trained_model_file_path='Artifacts\\03_10_2025_15_40_42\\model_trainer\\trained_model\\model.pkl', train_metric_artifact=ClassificationMetricArtifact(f1_score=0.9912883998165979, precision_score=0.9902290076335878, recall_score=0.9923500611995104), test_metric_artifact=ClassificationMetricArtifact(f1_score=0.9874925550923168, precision_score=0.9841709537000396, recall_score=0.9908366533864542))
[ 2025-03-10 15:46:00,200 ] 44 root - INFO - Model Training artifact created
