[ 2025-03-10 15:09:16,757 ] 1025 httpx - INFO - HTTP Request: GET https://dagshub.com/api/v1/user "HTTP/1.1 200 OK"
[ 2025-03-10 15:09:16,762 ] 107 dagshub - INFO - Accessing as daneshpm
[ 2025-03-10 15:09:17,266 ] 1025 httpx - INFO - HTTP Request: GET https://dagshub.com/api/v1/repos/daneshpm/networksecurity "HTTP/1.1 200 OK"
[ 2025-03-10 15:09:17,641 ] 1025 httpx - INFO - HTTP Request: GET https://dagshub.com/api/v1/user "HTTP/1.1 200 OK"
[ 2025-03-10 15:09:17,645 ] 107 dagshub - INFO - Initialized MLflow to track repo "daneshpm/networksecurity"
[ 2025-03-10 15:09:17,646 ] 107 dagshub - INFO - Repository daneshpm/networksecurity initialized!
[ 2025-03-10 15:09:17,647 ] 22 root - INFO - Initiate the data ingestion
[ 2025-03-10 15:09:28,063 ] 67 root - INFO - Performed train test split on the dataframe
[ 2025-03-10 15:09:28,063 ] 69 root - INFO - Exited split_data_as_train_test method of Data_Ingestion class
[ 2025-03-10 15:09:28,063 ] 77 root - INFO - Exporting train and test file path.
[ 2025-03-10 15:09:28,151 ] 86 root - INFO - Exported train and test file path.
[ 2025-03-10 15:09:28,152 ] 24 root - INFO - Data Initiation Completed
[ 2025-03-10 15:09:28,159 ] 28 root - INFO - Initiate the data Validation
[ 2025-03-10 15:09:28,233 ] 34 root - INFO - Required number of columns:2
[ 2025-03-10 15:09:28,233 ] 35 root - INFO - Data frame has columns:31
[ 2025-03-10 15:09:28,233 ] 34 root - INFO - Required number of columns:2
[ 2025-03-10 15:09:28,233 ] 35 root - INFO - Data frame has columns:31
[ 2025-03-10 15:09:28,434 ] 30 root - INFO - data Validation Completed
[ 2025-03-10 15:09:28,435 ] 33 root - INFO - data Transformation started
[ 2025-03-10 15:09:28,435 ] 65 root - INFO - Entered initiate_data_transformation method of DataTransformation class
[ 2025-03-10 15:09:28,435 ] 67 root - INFO - Starting data transformation
[ 2025-03-10 15:09:28,480 ] 50 root - INFO - Entered get_data_trnasformer_object method of Trnasformation class
[ 2025-03-10 15:09:28,480 ] 55 root - INFO - Initialise KNNImputer with {'missing_values': nan, 'n_neighbors': 3, 'weights': 'uniform'}
[ 2025-03-10 15:09:28,499 ] 46 root - INFO - Entered the save_object method of MainUtils class
[ 2025-03-10 15:09:28,503 ] 50 root - INFO - Exited the save_object method of MainUtils class
[ 2025-03-10 15:09:28,504 ] 46 root - INFO - Entered the save_object method of MainUtils class
[ 2025-03-10 15:09:28,508 ] 50 root - INFO - Exited the save_object method of MainUtils class
[ 2025-03-10 15:09:28,510 ] 37 root - INFO - data Transformation completed
[ 2025-03-10 15:09:28,510 ] 39 root - INFO - Model Training sstared
[ 2025-03-10 15:14:27,652 ] 46 root - INFO - Entered the save_object method of MainUtils class
[ 2025-03-10 15:14:27,653 ] 50 root - INFO - Exited the save_object method of MainUtils class
[ 2025-03-10 15:14:27,653 ] 153 root - INFO - Model trainer artifact: ModelTrainerArtifact(trained_model_file_path='Artifacts\\03_10_2025_15_09_10\\model_trainer\\trained_model\\model.pkl', train_metric_artifact=ClassificationMetricArtifact(f1_score=0.9913605820239478, precision_score=0.9891118056255671, recall_score=0.993619607048815), test_metric_artifact=ClassificationMetricArtifact(f1_score=0.9863404689092763, precision_score=0.9813387423935092, recall_score=0.9913934426229508))
[ 2025-03-10 15:14:27,659 ] 44 root - INFO - Model Training artifact created
