[ 2025-03-10 15:51:46,485 ] 1025 httpx - INFO - HTTP Request: GET https://dagshub.com/api/v1/user "HTTP/1.1 200 OK"
[ 2025-03-10 15:51:46,490 ] 107 dagshub - INFO - Accessing as daneshpm
[ 2025-03-10 15:51:46,895 ] 1025 httpx - INFO - HTTP Request: GET https://dagshub.com/api/v1/repos/daneshpm/Major_Project "HTTP/1.1 200 OK"
[ 2025-03-10 15:51:47,264 ] 1025 httpx - INFO - HTTP Request: GET https://dagshub.com/api/v1/user "HTTP/1.1 200 OK"
[ 2025-03-10 15:51:47,267 ] 107 dagshub - INFO - Initialized MLflow to track repo "daneshpm/Major_Project"
[ 2025-03-10 15:51:47,268 ] 107 dagshub - INFO - Repository daneshpm/Major_Project initialized!
[ 2025-03-10 15:51:47,270 ] 22 root - INFO - Initiate the data ingestion
[ 2025-03-10 15:51:55,804 ] 67 root - INFO - Performed train test split on the dataframe
[ 2025-03-10 15:51:55,804 ] 69 root - INFO - Exited split_data_as_train_test method of Data_Ingestion class
[ 2025-03-10 15:51:55,805 ] 77 root - INFO - Exporting train and test file path.
[ 2025-03-10 15:51:55,898 ] 86 root - INFO - Exported train and test file path.
[ 2025-03-10 15:51:55,899 ] 24 root - INFO - Data Initiation Completed
[ 2025-03-10 15:51:55,906 ] 28 root - INFO - Initiate the data Validation
[ 2025-03-10 15:51:55,981 ] 34 root - INFO - Required number of columns:2
[ 2025-03-10 15:51:55,981 ] 35 root - INFO - Data frame has columns:31
[ 2025-03-10 15:51:55,981 ] 34 root - INFO - Required number of columns:2
[ 2025-03-10 15:51:55,981 ] 35 root - INFO - Data frame has columns:31
[ 2025-03-10 15:51:56,160 ] 30 root - INFO - data Validation Completed
[ 2025-03-10 15:51:56,161 ] 33 root - INFO - data Transformation started
[ 2025-03-10 15:51:56,161 ] 65 root - INFO - Entered initiate_data_transformation method of DataTransformation class
[ 2025-03-10 15:51:56,161 ] 67 root - INFO - Starting data transformation
[ 2025-03-10 15:51:56,206 ] 50 root - INFO - Entered get_data_trnasformer_object method of Trnasformation class
[ 2025-03-10 15:51:56,206 ] 55 root - INFO - Initialise KNNImputer with {'missing_values': nan, 'n_neighbors': 3, 'weights': 'uniform'}
[ 2025-03-10 15:51:56,229 ] 46 root - INFO - Entered the save_object method of MainUtils class
[ 2025-03-10 15:51:56,234 ] 50 root - INFO - Exited the save_object method of MainUtils class
[ 2025-03-10 15:51:56,234 ] 46 root - INFO - Entered the save_object method of MainUtils class
[ 2025-03-10 15:51:56,238 ] 50 root - INFO - Exited the save_object method of MainUtils class
[ 2025-03-10 15:51:56,241 ] 37 root - INFO - data Transformation completed
[ 2025-03-10 15:51:56,241 ] 39 root - INFO - Model Training sstared
[ 2025-03-10 15:57:32,535 ] 46 root - INFO - Entered the save_object method of MainUtils class
[ 2025-03-10 15:57:32,536 ] 50 root - INFO - Exited the save_object method of MainUtils class
[ 2025-03-10 15:57:32,536 ] 46 root - INFO - Entered the save_object method of MainUtils class
[ 2025-03-10 15:57:32,584 ] 50 root - INFO - Exited the save_object method of MainUtils class
[ 2025-03-10 15:57:32,584 ] 153 root - INFO - Model trainer artifact: ModelTrainerArtifact(trained_model_file_path='Artifacts\\03_10_2025_15_51_42\\model_trainer\\trained_model\\model.pkl', train_metric_artifact=ClassificationMetricArtifact(f1_score=0.9910673732021196, precision_score=0.9874296057924377, recall_score=0.9947320433593354), test_metric_artifact=ClassificationMetricArtifact(f1_score=0.9867536172814347, precision_score=0.9825487012987013, recall_score=0.9909946786737618))
[ 2025-03-10 15:57:32,589 ] 44 root - INFO - Model Training artifact created
